<?xml version="1.0" encoding="UTF-8"?>
<!-- Generated by org.testng.reporters.JUnitReportReporter -->
<testsuite skipped="0" hostname="LAPTOP-8CQ0CDTV" name="Test_Package.GETallTEST" tests="1" failures="0" timestamp="30 Jan 2020 22:45:11 GMT" time="2.219" errors="0">
  <testcase name="test_GETALLVideoGames" time="2.219" classname="Test_Package.GETallTEST"/>
</testsuite> <!-- Test_Package.GETallTEST -->
