<?xml version="1.0" encoding="UTF-8"?>
<!-- Generated by org.testng.reporters.JUnitReportReporter -->
<testsuite skipped="0" hostname="LAPTOP-8CQ0CDTV" name="Test_Package.GETtest" tests="1" failures="0" timestamp="30 Jan 2020 22:45:11 GMT" time="0.723" errors="0">
  <testcase name="test_getVideoGames" time="0.723" classname="Test_Package.GETtest"/>
</testsuite> <!-- Test_Package.GETtest -->
