<?xml version="1.0" encoding="UTF-8"?>
<!-- Generated by org.testng.reporters.JUnitReportReporter -->
<testsuite skipped="0" hostname="LAPTOP-8CQ0CDTV" name="Test_Package.DELETEtest" tests="1" failures="0" timestamp="30 Jan 2020 22:45:11 GMT" time="0.038" errors="0">
  <testcase name="test_DELETeVideoGame" time="0.038" classname="Test_Package.DELETEtest"/>
</testsuite> <!-- Test_Package.DELETEtest -->
