<?xml version="1.0" encoding="UTF-8"?>
<!-- Generated by org.testng.reporters.JUnitReportReporter -->
<testsuite skipped="0" hostname="LAPTOP-8CQ0CDTV" name="testCAsesVideoGame.TC_VideoGameAPI" tests="5" failures="0" timestamp="30 Jan 2020 19:42:49 GMT" time="2.280" errors="0">
  <testcase name="test_GETALLVideoGames" time="1.647" classname="testCAsesVideoGame.TC_VideoGameAPI"/>
  <testcase name="test_POSTVideoGames" time="0.251" classname="testCAsesVideoGame.TC_VideoGameAPI"/>
  <testcase name="test_getVideoGames" time="0.319" classname="testCAsesVideoGame.TC_VideoGameAPI"/>
  <testcase name="test_UpdateVideoGame" time="0.040" classname="testCAsesVideoGame.TC_VideoGameAPI"/>
  <testcase name="test_DELETeVideoGame" time="0.023" classname="testCAsesVideoGame.TC_VideoGameAPI"/>
</testsuite> <!-- testCAsesVideoGame.TC_VideoGameAPI -->
