<?xml version="1.0" encoding="UTF-8"?>
<!-- Generated by org.testng.reporters.JUnitReportReporter -->
<testsuite skipped="0" hostname="LAPTOP-8CQ0CDTV" name="Test_Package.POST" tests="1" failures="0" timestamp="30 Jan 2020 22:45:11 GMT" time="0.586" errors="0">
  <testcase name="test_POSTVideoGames" time="0.586" classname="Test_Package.POST"/>
</testsuite> <!-- Test_Package.POST -->
