<?xml version="1.0" encoding="UTF-8"?>
<!-- Generated by org.testng.reporters.JUnitReportReporter -->
<testsuite skipped="0" hostname="LAPTOP-8CQ0CDTV" name="selfPractice.RestAssuredPost" tests="1" failures="0" timestamp="13 Feb 2020 06:30:51 GMT" time="2.424" errors="0">
  <testcase name="createPlaceAPI" time="2.424" classname="selfPractice.RestAssuredPost"/>
</testsuite> <!-- selfPractice.RestAssuredPost -->
